\BOOKMARK [0][-]{chapter.1}{\376\377\000I\000n\000t\000r\000o\000d\000u\000c\000t\000i\000o\000n}{}% 1
\BOOKMARK [1][-]{section.1.1}{\376\377\000P\000r\000o\000b\000l\000e\000m\000\040\000S\000t\000a\000t\000e\000m\000e\000n\000t}{chapter.1}% 2
\BOOKMARK [2][-]{subsection.1.1.1}{\376\377\000C\000l\000e\000a\000r\000\040\000P\000r\000o\000b\000l\000e\000m\000\040\000D\000e\000f\000i\000n\000i\000t\000i\000o\000n}{section.1.1}% 3
\BOOKMARK [2][-]{subsection.1.1.2}{\376\377\000R\000e\000s\000e\000a\000r\000c\000h\000\040\000Q\000u\000e\000s\000t\000i\000o\000n\000s}{section.1.1}% 4
\BOOKMARK [1][-]{section.1.2}{\376\377\000O\000b\000j\000e\000c\000t\000i\000v\000e\000s}{chapter.1}% 5
\BOOKMARK [2][-]{subsection.1.2.1}{\376\377\000G\000e\000n\000e\000r\000a\000l\000\040\000O\000b\000j\000e\000c\000t\000i\000v\000e}{section.1.2}% 6
\BOOKMARK [2][-]{subsection.1.2.2}{\376\377\000S\000p\000e\000c\000i\000f\000i\000c\000\040\000O\000b\000j\000e\000c\000t\000i\000v\000e\000s}{section.1.2}% 7
\BOOKMARK [1][-]{section.1.3}{\376\377\000J\000u\000s\000t\000i\000f\000i\000c\000a\000t\000i\000o\000n}{chapter.1}% 8
\BOOKMARK [2][-]{subsection.1.3.1}{\376\377\000P\000r\000o\000j\000e\000c\000t\000\040\000R\000e\000l\000e\000v\000a\000n\000c\000e}{section.1.3}% 9
\BOOKMARK [2][-]{subsection.1.3.2}{\376\377\000P\000o\000t\000e\000n\000t\000i\000a\000l\000\040\000I\000m\000p\000a\000c\000t}{section.1.3}% 10
\BOOKMARK [1][-]{section.1.4}{\376\377\000S\000c\000o\000p\000e\000\040\000a\000n\000d\000\040\000L\000i\000m\000i\000t\000a\000t\000i\000o\000n\000s}{chapter.1}% 11
\BOOKMARK [2][-]{subsection.1.4.1}{\376\377\000P\000r\000o\000j\000e\000c\000t\000\040\000S\000c\000o\000p\000e}{section.1.4}% 12
\BOOKMARK [2][-]{subsection.1.4.2}{\376\377\000S\000t\000u\000d\000y\000\040\000L\000i\000m\000i\000t\000a\000t\000i\000o\000n\000s}{section.1.4}% 13
\BOOKMARK [1][-]{section.1.5}{\376\377\000T\000h\000e\000s\000i\000s\000\040\000S\000t\000r\000u\000c\000t\000u\000r\000e}{chapter.1}% 14
\BOOKMARK [0][-]{chapter.2}{\376\377\000S\000t\000a\000t\000e\000\040\000o\000f\000\040\000t\000h\000e\000\040\000A\000r\000t}{}% 15
\BOOKMARK [1][-]{section.2.1}{\376\377\000S\000t\000a\000t\000e\000\040\000o\000f\000\040\000A\000r\000t}{chapter.2}% 16
\BOOKMARK [1][-]{section.2.2}{\376\377\000H\000a\000r\000d\000w\000a\000r\000e}{chapter.2}% 17
\BOOKMARK [2][-]{subsection.2.2.1}{\376\377\000D\000r\000o\000n\000e\000s}{section.2.2}% 18
\BOOKMARK [2][-]{subsection.2.2.2}{\376\377\000M\000o\000t\000o\000r\000s}{section.2.2}% 19
\BOOKMARK [2][-]{subsection.2.2.3}{\376\377\000P\000r\000o\000p\000e\000l\000l\000e\000r\000s}{section.2.2}% 20
\BOOKMARK [2][-]{subsection.2.2.4}{\376\377\000L\000i\000P\000o\000\040\000B\000a\000t\000t\000e\000r\000i\000e\000s}{section.2.2}% 21
\BOOKMARK [2][-]{subsection.2.2.5}{\376\377\000D\000r\000o\000n\000e\000\040\000A\000p\000p\000l\000i\000c\000a\000t\000i\000o\000n\000s}{section.2.2}% 22
\BOOKMARK [2][-]{subsection.2.2.6}{\376\377\000S\000w\000a\000r\000m\000i\000n\000g\000\040\000D\000r\000o\000n\000e\000s}{section.2.2}% 23
\BOOKMARK [2][-]{subsection.2.2.7}{\376\377\000T\000y\000p\000e\000s\000\040\000o\000f\000\040\000D\000r\000o\000n\000e\000\040\000C\000h\000a\000r\000g\000i\000n\000g\000\040\000S\000t\000a\000t\000i\000o\000n\000s}{section.2.2}% 24
\BOOKMARK [2][-]{subsection.2.2.8}{\376\377\000T\000y\000p\000e\000s\000\040\000o\000f\000\040\000M\000e\000c\000h\000a\000n\000i\000s\000m\000s}{section.2.2}% 25
\BOOKMARK [1][-]{section.2.3}{\376\377\000E\000l\000e\000c\000t\000r\000o\000n\000i\000c\000s}{chapter.2}% 26
\BOOKMARK [2][-]{subsection.2.3.1}{\376\377\000M\000o\000t\000o\000r\000s\000\040\000a\000n\000d\000\040\000E\000S\000C\000\040\000M\000o\000d\000u\000l\000e\000s}{section.2.3}% 27
\BOOKMARK [2][-]{subsection.2.3.2}{\376\377\000F\000l\000i\000g\000h\000t\000\040\000C\000o\000n\000t\000r\000o\000l\000l\000e\000r\000s}{section.2.3}% 28
\BOOKMARK [2][-]{subsection.2.3.3}{\376\377\000C\000o\000m\000p\000a\000n\000i\000o\000n\000\040\000C\000o\000m\000p\000u\000t\000e\000r\000s\000\040\000a\000n\000d\000\040\000E\000m\000b\000e\000d\000d\000e\000d\000\040\000S\000y\000s\000t\000e\000m\000s}{section.2.3}% 29
\BOOKMARK [2][-]{subsection.2.3.4}{\376\377\000C\000o\000m\000m\000u\000n\000i\000c\000a\000t\000i\000o\000n\000\040\000P\000r\000o\000t\000o\000c\000o\000l\000s}{section.2.3}% 30
\BOOKMARK [2][-]{subsection.2.3.5}{\376\377\000S\000e\000n\000s\000o\000r\000s}{section.2.3}% 31
\BOOKMARK [2][-]{subsection.2.3.6}{\376\377\000T\000y\000p\000e\000s\000\040\000o\000f\000\040\000C\000h\000a\000r\000g\000e\000r\000s\000\040\000a\000n\000d\000\040\000C\000h\000a\000r\000g\000i\000n\000g}{section.2.3}% 32
\BOOKMARK [1][-]{section.2.4}{\376\377\000S\000o\000f\000t\000w\000a\000r\000e}{chapter.2}% 33
\BOOKMARK [2][-]{subsection.2.4.1}{\376\377\000F\000C\000\040\000F\000i\000r\000m\000w\000a\000r\000e}{section.2.4}% 34
\BOOKMARK [2][-]{subsection.2.4.2}{\376\377\000G\000r\000o\000u\000n\000d\000\040\000C\000o\000n\000t\000r\000o\000l\000\040\000S\000y\000s\000t\000e\000m\000s\000\040\000\050\000G\000C\000S\000\051}{section.2.4}% 35
\BOOKMARK [2][-]{subsection.2.4.3}{\376\377\000O\000p\000e\000r\000a\000t\000i\000v\000e\000\040\000S\000y\000s\000t\000e\000m\000s}{section.2.4}% 36
\BOOKMARK [2][-]{subsection.2.4.4}{\376\377\000R\000O\000S\0002\000\040\000D\000i\000s\000t\000r\000i\000b\000u\000t\000i\000o\000n\000s}{section.2.4}% 37
\BOOKMARK [2][-]{subsection.2.4.5}{\376\377\000R\000O\000S\000\040\0002\000\040\000A\000r\000c\000h\000i\000t\000e\000c\000t\000u\000r\000e}{section.2.4}% 38
\BOOKMARK [2][-]{subsection.2.4.6}{\376\377\000C\000o\000m\000p\000u\000t\000e\000r\000\040\000V\000i\000s\000i\000o\000n}{section.2.4}% 39
\BOOKMARK [2][-]{subsection.2.4.7}{\376\377\000W\000h\000a\000t\000\040\000i\000s\000\040\000a\000n\000\040\000A\000r\000U\000c\000o\000?}{section.2.4}% 40
\BOOKMARK [2][-]{subsection.2.4.8}{\376\377\000A\000r\000u\000c\000o\000\040\000v\000s\000.\000\040\000E\000m\000b\000e\000d\000d\000e\000d\000\040\000A\000r\000u\000c\000o}{section.2.4}% 41
\BOOKMARK [2][-]{subsection.2.4.9}{\376\377\000A\000r\000u\000c\000o\000\040\000D\000e\000t\000e\000c\000t\000i\000o\000n}{section.2.4}% 42
\BOOKMARK [2][-]{subsection.2.4.10}{\376\377\000R\000O\000S\0002\000-\000P\000i\000x\000h\000a\000w\000k\000\040\000C\000o\000m\000m\000u\000n\000i\000c\000a\000t\000i\000o\000n}{section.2.4}% 43
\BOOKMARK [2][-]{subsection.2.4.11}{\376\377\000S\000e\000n\000s\000o\000r\000s\000\040\000f\000o\000r\000\040\000N\000a\000v\000i\000g\000a\000t\000i\000o\000n\000\040\000i\000n\000\040\000O\000u\000t\000d\000o\000o\000r\000\040\000a\000n\000d\000\040\000I\000n\000d\000o\000o\000r\000\040\000E\000n\000v\000i\000r\000o\000n\000m\000e\000n\000t\000s}{section.2.4}% 44
\BOOKMARK [0][-]{chapter.3}{\376\377\000D\000e\000v\000e\000l\000o\000p\000m\000e\000n\000t}{}% 45
\BOOKMARK [1][-]{section.3.1}{\376\377\000D\000e\000s\000i\000g\000n\000\040\000a\000n\000d\000\040\000D\000e\000v\000e\000l\000o\000p\000m\000e\000n\000t\000\040\000o\000f\000\040\000t\000h\000e\000\040\000C\000h\000a\000r\000g\000i\000n\000g\000\040\000S\000t\000a\000t\000i\000o\000n}{chapter.3}% 46
\BOOKMARK [2][-]{subsection.3.1.1}{\376\377\000R\000e\000q\000u\000i\000r\000e\000m\000e\000n\000t\000s}{section.3.1}% 47
\BOOKMARK [2][-]{subsection.3.1.2}{\376\377\000B\000i\000l\000l\000\040\000o\000f\000\040\000M\000a\000t\000e\000r\000i\000a\000l\000s}{section.3.1}% 48
\BOOKMARK [2][-]{subsection.3.1.3}{\376\377\000C\000A\000D\000\040\000D\000e\000s\000i\000g\000n\000\040\000o\000f\000\040\000t\000h\000e\000\040\000C\000h\000a\000r\000g\000i\000n\000g\000\040\000B\000a\000s\000e}{section.3.1}% 49
\BOOKMARK [2][-]{subsection.3.1.4}{\376\377\000S\000e\000l\000e\000c\000t\000i\000o\000n\000\040\000a\000n\000d\000\040\000I\000m\000p\000l\000e\000m\000e\000n\000t\000a\000t\000i\000o\000n\000\040\000o\000f\000\040\000t\000h\000e\000\040\000D\000r\000a\000w\000e\000r\000\040\000M\000o\000v\000e\000m\000e\000n\000t\000\040\000M\000e\000c\000h\000a\000n\000i\000s\000m}{section.3.1}% 50
\BOOKMARK [2][-]{subsection.3.1.5}{\376\377\000M\000a\000n\000u\000f\000a\000c\000t\000u\000r\000i\000n\000g\000\040\000P\000r\000o\000c\000e\000s\000s\000\040\000o\000f\000\040\000t\000h\000e\000\040\000C\000h\000a\000r\000g\000i\000n\000g\000\040\000B\000a\000s\000e\000\040\000S\000t\000r\000u\000c\000t\000u\000r\000e}{section.3.1}% 51
\BOOKMARK [2][-]{subsection.3.1.6}{\376\377\000E\000l\000e\000c\000t\000r\000o\000n\000i\000c\000\040\000C\000i\000r\000c\000u\000i\000t\000\040\000o\000f\000\040\000t\000h\000e\000\040\000C\000h\000a\000r\000g\000i\000n\000g\000\040\000S\000t\000a\000t\000i\000o\000n}{section.3.1}% 52
\BOOKMARK [1][-]{section.3.2}{\376\377\000D\000r\000o\000n\000e\000\040\000I\000n\000s\000t\000r\000u\000m\000e\000n\000t\000a\000t\000i\000o\000n}{chapter.3}% 53
\BOOKMARK [2][-]{subsection.3.2.1}{\376\377\000S\000p\000e\000c\000i\000f\000i\000c\000a\000t\000i\000o\000n\000s\000\040\000a\000n\000d\000\040\000R\000e\000q\000u\000i\000r\000e\000m\000e\000n\000t\000s}{section.3.2}% 54
\BOOKMARK [2][-]{subsection.3.2.2}{\376\377\000B\000i\000l\000l\000\040\000o\000f\000\040\000M\000a\000t\000e\000r\000i\000a\000l\000s\000\040\000f\000o\000r\000\040\000D\000r\000o\000n\000e\000\040\000I\000n\000s\000t\000r\000u\000m\000e\000n\000t\000a\000t\000i\000o\000n}{section.3.2}% 55
\BOOKMARK [2][-]{subsection.3.2.3}{\376\377\000D\000r\000o\000n\000e\000\040\000C\000A\000D\000\040\000D\000e\000s\000i\000g\000n\000s}{section.3.2}% 56
\BOOKMARK [2][-]{subsection.3.2.4}{\376\377\000P\000o\000w\000e\000r\000\040\000D\000i\000s\000t\000r\000i\000b\000u\000t\000i\000o\000n\000\040\000C\000i\000r\000c\000u\000i\000t}{section.3.2}% 57
\BOOKMARK [1][-]{section.3.3}{\376\377\000S\000o\000f\000t\000w\000a\000r\000e\000\040\000C\000o\000n\000f\000i\000g\000u\000r\000a\000t\000i\000o\000n}{chapter.3}% 58
\BOOKMARK [2][-]{subsection.3.3.1}{\376\377\000C\000o\000n\000f\000i\000g\000u\000r\000a\000t\000i\000o\000n\000\040\000o\000f\000\040\000t\000h\000e\000\040\000G\000r\000o\000u\000n\000d\000\040\000C\000o\000n\000t\000r\000o\000l\000\040\000C\000o\000m\000p\000u\000t\000e\000r}{section.3.3}% 59
\BOOKMARK [2][-]{subsection.3.3.2}{\376\377\000C\000o\000n\000f\000i\000g\000u\000r\000a\000t\000i\000o\000n\000\040\000o\000f\000\040\000t\000h\000e\000\040\000D\000r\000o\000n\000e\000'\000s\000\040\000C\000o\000m\000p\000a\000n\000i\000o\000n\000\040\000C\000o\000m\000p\000u\000t\000e\000r}{section.3.3}% 60
\BOOKMARK [2][-]{subsection.3.3.3}{\376\377\000C\000o\000n\000f\000i\000g\000u\000r\000a\000t\000i\000o\000n\000\040\000o\000f\000\040\000t\000h\000e\000\040\000G\000r\000o\000u\000n\000d\000\040\000C\000o\000n\000t\000r\000o\000l\000\040\000S\000t\000a\000t\000i\000o\000n}{section.3.3}% 61
\BOOKMARK [1][-]{section.3.4}{\376\377\000V\000i\000s\000i\000o\000n\000\040\000S\000y\000s\000t\000e\000m}{chapter.3}% 62
\BOOKMARK [2][-]{subsection.3.4.1}{\376\377\000S\000p\000e\000c\000i\000f\000i\000c\000a\000t\000i\000o\000n\000s\000\040\000a\000n\000d\000\040\000R\000e\000q\000u\000i\000r\000e\000m\000e\000n\000t\000s}{section.3.4}% 63
\BOOKMARK [2][-]{subsection.3.4.2}{\376\377\000C\000a\000m\000e\000r\000a\000\040\000C\000a\000l\000i\000b\000r\000a\000t\000i\000o\000n}{section.3.4}% 64
\BOOKMARK [2][-]{subsection.3.4.3}{\376\377\000G\000e\000n\000e\000r\000a\000t\000i\000o\000n\000\040\000o\000f\000\040\000A\000r\000U\000c\000o\000\040\000M\000a\000r\000k\000e\000r\000s}{section.3.4}% 65
\BOOKMARK [2][-]{subsection.3.4.4}{\376\377\000R\000e\000a\000l\000-\000T\000i\000m\000e\000\040\000D\000e\000t\000e\000c\000t\000i\000o\000n\000\040\000o\000f\000\040\000e\000-\000A\000r\000U\000c\000o\000\040\000M\000a\000r\000k\000e\000r\000s}{section.3.4}% 66
\BOOKMARK [1][-]{section.3.5}{\376\377\000C\000o\000m\000m\000u\000n\000i\000c\000a\000t\000i\000o\000n\000\040\000S\000y\000s\000t\000e\000m}{chapter.3}% 67
\BOOKMARK [2][-]{subsection.3.5.1}{\376\377\000S\000p\000e\000c\000i\000f\000i\000c\000a\000t\000i\000o\000n\000s\000\040\000a\000n\000d\000\040\000R\000e\000q\000u\000i\000r\000e\000m\000e\000n\000t\000s}{section.3.5}% 68
\BOOKMARK [2][-]{subsection.3.5.2}{\376\377\000C\000o\000m\000m\000u\000n\000i\000c\000a\000t\000i\000o\000n\000\040\000A\000r\000c\000h\000i\000t\000e\000c\000t\000u\000r\000e}{section.3.5}% 69
\BOOKMARK [2][-]{subsection.3.5.3}{\376\377\000K\000e\000y\000\040\000F\000e\000a\000t\000u\000r\000e\000s}{section.3.5}% 70
\BOOKMARK [0][-]{chapter.4}{\376\377\000R\000e\000s\000u\000l\000t\000s}{}% 71
\BOOKMARK [1][-]{section.4.1}{\376\377\000F\000i\000n\000a\000l\000\040\000D\000e\000s\000i\000g\000n\000\040\000o\000f\000\040\000t\000h\000e\000\040\000F\000i\000r\000s\000t\000\040\000P\000r\000o\000t\000o\000t\000y\000p\000e\000\040\000o\000f\000\040\000t\000h\000e\000\040\000C\000h\000a\000r\000g\000i\000n\000g\000\040\000S\000t\000a\000t\000i\000o\000n}{chapter.4}% 72
\BOOKMARK [1][-]{section.4.2}{\376\377\000D\000e\000s\000i\000g\000n\000\040\000a\000n\000d\000\040\000I\000n\000s\000t\000r\000u\000m\000e\000n\000t\000a\000t\000i\000o\000n\000\040\000o\000f\000\040\000t\000h\000e\000\040\000D\000r\000o\000n\000e}{chapter.4}% 73
\BOOKMARK [1][-]{section.4.3}{\376\377\000D\000r\000a\000w\000e\000r\000\040\000M\000o\000v\000e\000m\000e\000n\000t}{chapter.4}% 74
\BOOKMARK [1][-]{section.4.4}{\376\377\000D\000r\000o\000n\000e\000\040\000F\000l\000i\000g\000h\000t}{chapter.4}% 75
\BOOKMARK [1][-]{section.4.5}{\376\377\000B\000a\000t\000t\000e\000r\000y\000\040\000C\000h\000a\000r\000g\000i\000n\000g\000\040\000a\000n\000d\000\040\000D\000i\000s\000c\000h\000a\000r\000g\000i\000n\000g}{chapter.4}% 76
\BOOKMARK [2][-]{subsection.4.5.1}{\376\377\000B\000a\000t\000t\000e\000r\000y\000\040\000D\000u\000r\000a\000t\000i\000o\000n\000\040\000W\000i\000t\000h\000o\000u\000t\000\040\000C\000h\000a\000r\000g\000i\000n\000g}{section.4.5}% 77
\BOOKMARK [2][-]{subsection.4.5.2}{\376\377\000B\000a\000t\000t\000e\000r\000y\000\040\000D\000u\000r\000a\000t\000i\000o\000n\000\040\000W\000h\000i\000l\000e\000\040\000I\000n\000s\000i\000d\000e\000\040\000t\000h\000e\000\040\000C\000h\000a\000r\000g\000i\000n\000g\000\040\000S\000t\000a\000t\000i\000o\000n}{section.4.5}% 78
\BOOKMARK [2][-]{subsection.4.5.3}{\376\377\000F\000l\000i\000g\000h\000t\000\040\000D\000u\000r\000a\000t\000i\000o\000n}{section.4.5}% 79
\BOOKMARK [2][-]{subsection.4.5.4}{\376\377\000R\000e\000c\000o\000m\000m\000e\000n\000d\000a\000t\000i\000o\000n\000s\000\040\000f\000o\000r\000\040\000I\000m\000p\000r\000o\000v\000e\000m\000e\000n\000t}{section.4.5}% 80
\BOOKMARK [1][-]{section.4.6}{\376\377\000A\000r\000U\000c\000o\000\040\000M\000a\000r\000k\000e\000r\000\040\000D\000e\000t\000e\000c\000t\000i\000o\000n}{chapter.4}% 81
\BOOKMARK [2][-]{subsection.4.6.1}{\376\377\000L\000i\000m\000i\000t\000a\000t\000i\000o\000n\000s\000\040\000a\000n\000d\000\040\000O\000b\000s\000e\000r\000v\000a\000t\000i\000o\000n\000s}{section.4.6}% 82
\BOOKMARK [1][-]{section.4.7}{\376\377\000C\000o\000m\000m\000u\000n\000i\000c\000a\000t\000i\000o\000n\000\040\000S\000y\000s\000t\000e\000m}{chapter.4}% 83
\BOOKMARK [2][-]{subsection.4.7.1}{\376\377\000V\000a\000l\000i\000d\000a\000t\000i\000o\000n\000\040\000o\000f\000\040\000C\000o\000m\000m\000u\000n\000i\000c\000a\000t\000i\000o\000n\000\040\000S\000y\000s\000t\000e\000m}{section.4.7}% 84
\BOOKMARK [2][-]{subsection.4.7.2}{\376\377\000R\000e\000s\000u\000l\000t\000s\000\040\000o\000f\000\040\000C\000o\000m\000m\000u\000n\000i\000c\000a\000t\000i\000o\000n\000\040\000V\000a\000l\000i\000d\000a\000t\000i\000o\000n}{section.4.7}% 85
\BOOKMARK [1][-]{section.4.8}{\376\377\000G\000e\000n\000e\000r\000a\000l\000\040\000P\000e\000r\000f\000o\000r\000m\000a\000n\000c\000e\000\040\000A\000n\000a\000l\000y\000s\000i\000s}{chapter.4}% 86
\BOOKMARK [2][-]{subsection.4.8.1}{\376\377\000G\000l\000o\000b\000a\000l\000\040\000I\000n\000t\000e\000g\000r\000a\000t\000i\000o\000n\000\040\000R\000e\000s\000u\000l\000t\000s}{section.4.8}% 87
\BOOKMARK [0][-]{chapter.5}{\376\377\000D\000i\000s\000c\000u\000s\000s\000i\000o\000n}{}% 88
\BOOKMARK [0][-]{chapter.6}{\376\377\000C\000o\000n\000c\000l\000u\000s\000i\000o\000n\000s}{}% 89
\BOOKMARK [0][-]{chapter.7}{\376\377\000B\000i\000b\000l\000i\000o\000g\000r\000a\000p\000h\000y}{}% 90
